INFO 2024-11-18 22:54:16,184 views Student list accessed by: almas
INFO 2024-11-19 22:17:11,057 views Student list accessed by: studentuser
INFO 2024-11-19 22:25:29,636 views Attendance list accessed by: teacher
INFO 2024-11-19 22:25:34,340 views Attendance marking attempt by: teacher
INFO 2024-11-19 22:25:36,664 views Course creation attempt by: teacheruser
INFO 2024-11-19 22:25:45,837 views Grade assignment attempt by: teacher
INFO 2024-11-19 22:25:50,492 views Grade list accessed by: teacher
INFO 2024-11-19 22:25:55,286 views Student list accessed by: studentuser
INFO 2024-11-19 22:28:08,125 views Attendance list accessed by: teacher 

INFO 2024-11-19 22:28:12,993 views Attendance marking attempt by: teacher 

INFO 2024-11-19 22:28:15,308 views Course creation attempt by: teacheruser 

INFO 2024-11-19 22:28:24,373 views Grade assignment attempt by: teacher 

INFO 2024-11-19 22:28:29,073 views Grade list accessed by: teacher 

INFO 2024-11-19 22:28:33,959 views Student list accessed by: studentuser 

INFO 2024-11-19 22:44:45,647 views Attendance list accessed by: teacher 

INFO 2024-11-19 22:44:50,317 views Attendance marking attempt by: teacher 

INFO 2024-11-19 22:44:52,710 views Course creation attempt by: teacheruser 

INFO 2024-11-19 22:45:01,824 views Grade assignment attempt by: teacher 

INFO 2024-11-19 22:45:06,734 views Grade list accessed by: teacher 

INFO 2024-11-19 22:45:11,388 views Student list accessed by: studentuser 

INFO 2024-11-19 22:51:18,206 views Attendance list accessed by: teacher 

INFO 2024-11-19 22:51:22,963 views Attendance marking attempt by: teacher 

INFO 2024-11-19 22:51:25,479 views Course creation attempt by: teacheruser 

INFO 2024-11-19 22:51:34,619 views Grade assignment attempt by: teacher 

INFO 2024-11-19 22:51:39,244 views Grade list accessed by: teacher 

INFO 2024-11-19 22:51:43,971 views Student list accessed by: studentuser 

INFO 2024-11-19 22:58:21,131 views Attendance list accessed by: teacher 

INFO 2024-11-19 22:58:25,997 views Attendance marking attempt by: teacher 

INFO 2024-11-19 22:58:28,537 views Course creation attempt by: teacheruser 

INFO 2024-11-19 22:58:37,973 views Grade assignment attempt by: teacher 

INFO 2024-11-19 22:58:42,705 views Grade list accessed by: teacher 

INFO 2024-11-19 22:58:48,615 views Student list accessed by: studentuser 

INFO 2024-11-19 23:01:49,100 views Attendance list accessed by: teacher 

INFO 2024-11-19 23:01:53,870 views Attendance marking attempt by: teacher 

INFO 2024-11-19 23:01:56,255 views Course creation attempt by: teacheruser 

INFO 2024-11-19 23:02:05,550 views Grade assignment attempt by: teacher 

INFO 2024-11-19 23:02:10,459 views Grade list accessed by: teacher 

INFO 2024-11-19 23:02:15,233 views Student list accessed by: studentuser 

INFO 2024-11-19 23:05:45,959 views Attendance list accessed by: teacher 

INFO 2024-11-19 23:05:50,616 views Attendance marking attempt by: teacher 

INFO 2024-11-19 23:05:52,924 views Course creation attempt by: teacheruser 

INFO 2024-11-19 23:06:02,134 views Grade assignment attempt by: teacher 

INFO 2024-11-19 23:06:06,787 views Grade list accessed by: teacher 

INFO 2024-11-19 23:07:15,110 views Attendance list accessed by: teacher 

INFO 2024-11-19 23:07:19,770 views Attendance marking attempt by: teacher 

INFO 2024-11-19 23:07:22,238 views Course creation attempt by: teacheruser 

INFO 2024-11-19 23:07:31,327 views Grade assignment attempt by: teacher 

INFO 2024-11-19 23:07:35,976 views Grade list accessed by: teacher 

INFO 2024-11-19 23:07:39,552 views Student creation attempt by: adminuser 

INFO 2024-11-19 23:07:41,889 views Student list accessed by: adminuser 

